/cluster/raid/home/zhivar.sourati/ExplagraphGen
Thu Oct 27 23:58:14 2022       
+-----------------------------------------------------------------------------+
| NVIDIA-SMI 460.32.03    Driver Version: 460.32.03    CUDA Version: 11.2     |
|-------------------------------+----------------------+----------------------+
| GPU  Name        Persistence-M| Bus-Id        Disp.A | Volatile Uncorr. ECC |
| Fan  Temp  Perf  Pwr:Usage/Cap|         Memory-Usage | GPU-Util  Compute M. |
|                               |                      |               MIG M. |
|===============================+======================+======================|
|   0  A100-PCIE-40GB      Off  | 00000000:29:00.0 Off |                    0 |
| N/A   26C    P0    32W / 250W |      0MiB / 40536MiB |      0%      Default |
|                               |                      |             Disabled |
+-------------------------------+----------------------+----------------------+
                                                                               
+-----------------------------------------------------------------------------+
| Processes:                                                                  |
|  GPU   GI   CI        PID   Type   Process name                  GPU Memory |
|        ID   ID                                                   Usage      |
|=============================================================================|
|  No running processes found                                                 |
+-----------------------------------------------------------------------------+
0
[PosixPath('contrastive_data/train.neg1_target'), PosixPath('contrastive_data/train.neg2_target'), PosixPath('contrastive_data/train.neg3_target'), PosixPath('contrastive_data/train.neg4_target'), PosixPath('contrastive_data/train.neg5_target')]
[PosixPath('contrastive_data/train.neg1_target'), PosixPath('contrastive_data/train.neg2_target'), PosixPath('contrastive_data/train.neg3_target'), PosixPath('contrastive_data/train.neg4_target'), PosixPath('contrastive_data/train.neg5_target')]
[PosixPath('contrastive_data/val.neg1_target'), PosixPath('contrastive_data/val.neg2_target'), PosixPath('contrastive_data/val.neg3_target'), PosixPath('contrastive_data/val.neg4_target'), PosixPath('contrastive_data/val.neg5_target')]
Validation sanity check: 0it [00:00, ?it/s]Validation sanity check:  50%|█████     | 1/2 [00:12<00:12, 12.25s/it]Validation sanity check: 100%|██████████| 2/2 [00:20<00:00, 10.19s/it]printing the length 255 0
printing the length 255 0
printing the length 255 0
printing the length 255 0
printing the length 255 0
printing the length 255 0
printing the length 255 0
printing the length 255 0
printing the length 255 0
printing the length 255 0
printing the length 255 0
printing the length 255 0
printing the length 255 0
printing the length 255 0
printing the length 255 0
printing the length 255 0
printing the length 255 0
printing the length 255 0
printing the length 255 0
printing the length 255 0
printing the length 255 0
printing the length 255 0
printing the length 255 0
printing the length 255 0
printing the length 255 0
printing the length 255 0
printing the length 255 0
printing the length 255 0
printing the length 255 0
printing the length 255 0
printing the length 255 0
printing the length 255 0
printing the length 255 0
printing the length 255 0
printing the length 255 0
printing the length 255 0
printing the length 255 0
printing the length 255 0
printing the length 255 0
printing the length 255 0
printing the length 255 0
printing the length 255 0
printing the length 255 0
printing the length 255 0
printing the length 255 0
printing the length 255 0
printing the length 255 0
printing the length 255 0
printing the length 255 0
printing the length 255 0
printing the length 255 0
printing the length 255 0
printing the length 255 0
printing the length 255 0
printing the length 255 0
printing the length 255 0
printing the length 255 0
printing the length 255 0
printing the length 255 0
printing the length 255 0
printing the length 255 0
printing the length 255 0
printing the length 255 0
printing the length 255 0
printing the length 255 0
printing the length 255 0
printing the length 255 0
printing the length 255 0
printing the length 255 0
printing the length 255 0
printing the length 255 0
printing the length 255 0
printing the length 255 0
printing the length 255 0
printing the length 255 0
printing the length 255 0
printing the length 255 0
printing the length 255 0
printing the length 255 0
printing the length 255 0
                                                                      [PosixPath('contrastive_data/train.neg1_target'), PosixPath('contrastive_data/train.neg2_target'), PosixPath('contrastive_data/train.neg3_target'), PosixPath('contrastive_data/train.neg4_target'), PosixPath('contrastive_data/train.neg5_target')]
[PosixPath('contrastive_data/val.neg1_target'), PosixPath('contrastive_data/val.neg2_target'), PosixPath('contrastive_data/val.neg3_target'), PosixPath('contrastive_data/val.neg4_target'), PosixPath('contrastive_data/val.neg5_target')]
Training: 0it [00:00, ?it/s]Training:   0%|          | 0/1454 [00:00<?, ?it/s]Epoch 1:   0%|          | 0/1454 [00:00<?, ?it/s] printing the length 255 0
printing the length 255 0
printing the length 255 0
printing the length 255 0
printing the length 255 0
printing the length 255 0
printing the length 255 0
printing the length 255 0
line 283 0
printing the length 255 0
printing the length 255 0
printing the length 255 0
printing the length 255 0
printing the length 255 0
printing the length 255 0
printing the length 255 0
printing the length 255 0
line 283 0
printing the length 255 0
printing the length 255 0
printing the length 255 0
printing the length 255 0
printing the length 255 0
printing the length 255 0
printing the length 255 0
printing the length 255 0
line 283 0
printing the length 255 0
printing the length 255 0
printing the length 255 0
printing the length 255 0
printing the length 255 0
printing the length 255 0
printing the length 255 0
printing the length 255 0
line 283 0
printing the length 255 0
printing the length 255 0
printing the length 255 0
printing the length 255 0
printing the length 255 0
printing the length 255 0
printing the length 255 0
printing the length 255 0
line 283 0
Epoch 1:   0%|          | 0/1454 [00:02<?, ?it/s]