/cluster/raid/home/zhivar.sourati/ExplagraphGen
Thu Oct 27 23:00:47 2022       
+-----------------------------------------------------------------------------+
| NVIDIA-SMI 460.32.03    Driver Version: 460.32.03    CUDA Version: 11.2     |
|-------------------------------+----------------------+----------------------+
| GPU  Name        Persistence-M| Bus-Id        Disp.A | Volatile Uncorr. ECC |
| Fan  Temp  Perf  Pwr:Usage/Cap|         Memory-Usage | GPU-Util  Compute M. |
|                               |                      |               MIG M. |
|===============================+======================+======================|
|   0  A100-PCIE-40GB      Off  | 00000000:27:00.0 Off |                    0 |
| N/A   27C    P0    33W / 250W |      0MiB / 40536MiB |      0%      Default |
|                               |                      |             Disabled |
+-------------------------------+----------------------+----------------------+
                                                                               
+-----------------------------------------------------------------------------+
| Processes:                                                                  |
|  GPU   GI   CI        PID   Type   Process name                  GPU Memory |
|        ID   ID                                                   Usage      |
|=============================================================================|
|  No running processes found                                                 |
+-----------------------------------------------------------------------------+
0
{'eval_loss': 0.7976281046867371, 'eval_micro_f1': 0.5025125628140703, 'eval_macro_f1': 0.3634983199793228, 'eval_weighted_f1': 0.6415268056488179, 'eval_acc': 0.5025125628140703, 'epoch': 1.0}
{'eval_loss': 0.7092916965484619, 'eval_micro_f1': 0.5, 'eval_macro_f1': 0.3333333333333333, 'eval_weighted_f1': 0.6666666666666666, 'eval_acc': 0.5, 'epoch': 2.0}
{'eval_loss': 0.70166015625, 'eval_micro_f1': 0.5, 'eval_macro_f1': 0.3333333333333333, 'eval_weighted_f1': 0.6666666666666666, 'eval_acc': 0.5, 'epoch': 3.0}
{'eval_loss': 0.695183515548706, 'eval_micro_f1': 0.5, 'eval_macro_f1': 0.3333333333333333, 'eval_weighted_f1': 0.6666666666666666, 'eval_acc': 0.5, 'epoch': 4.0}
{'eval_loss': 0.6987797021865845, 'eval_micro_f1': 0.5, 'eval_macro_f1': 0.3333333333333333, 'eval_weighted_f1': 0.6666666666666666, 'eval_acc': 0.5, 'epoch': 5.0}
{'eval_loss': 0.7070764303207397, 'eval_micro_f1': 0.5, 'eval_macro_f1': 0.3333333333333333, 'eval_weighted_f1': 0.6666666666666666, 'eval_acc': 0.5, 'epoch': 6.0}
{'loss': 0.693357177734375, 'learning_rate': 3.2432432432432437e-06, 'epoch': 6.756756756756757}
{'eval_loss': 0.7013606429100037, 'eval_micro_f1': 0.5, 'eval_macro_f1': 0.3333333333333333, 'eval_weighted_f1': 0.6666666666666666, 'eval_acc': 0.5, 'epoch': 7.0}
{'eval_loss': 0.7048271894454956, 'eval_micro_f1': 0.5, 'eval_macro_f1': 0.3333333333333333, 'eval_weighted_f1': 0.6666666666666666, 'eval_acc': 0.5, 'epoch': 8.0}
{'eval_loss': 0.7039082646369934, 'eval_micro_f1': 0.5, 'eval_macro_f1': 0.3333333333333333, 'eval_weighted_f1': 0.6666666666666666, 'eval_acc': 0.5, 'epoch': 9.0}
{'eval_loss': 0.7050610184669495, 'eval_micro_f1': 0.5, 'eval_macro_f1': 0.3333333333333333, 'eval_weighted_f1': 0.6666666666666666, 'eval_acc': 0.5, 'epoch': 10.0}
<function main.<locals>.build_compute_metrics_fn.<locals>.compute_metrics_fn at 0x1505f87dbb80>
