/cluster/raid/home/zhivar.sourati/ExplagraphGen
Thu Oct 27 23:37:16 2022       
+-----------------------------------------------------------------------------+
| NVIDIA-SMI 460.32.03    Driver Version: 460.32.03    CUDA Version: 11.2     |
|-------------------------------+----------------------+----------------------+
| GPU  Name        Persistence-M| Bus-Id        Disp.A | Volatile Uncorr. ECC |
| Fan  Temp  Perf  Pwr:Usage/Cap|         Memory-Usage | GPU-Util  Compute M. |
|                               |                      |               MIG M. |
|===============================+======================+======================|
|   0  A100-PCIE-40GB      Off  | 00000000:29:00.0 Off |                    0 |
| N/A   28C    P0    32W / 250W |      0MiB / 40536MiB |      0%      Default |
|                               |                      |             Disabled |
+-------------------------------+----------------------+----------------------+
                                                                               
+-----------------------------------------------------------------------------+
| Processes:                                                                  |
|  GPU   GI   CI        PID   Type   Process name                  GPU Memory |
|        ID   ID                                                   Usage      |
|=============================================================================|
|  No running processes found                                                 |
+-----------------------------------------------------------------------------+
0
Validation sanity check: 0it [00:00, ?it/s]Validation sanity check:  50%|█████     | 1/2 [00:07<00:07,  7.39s/it]Validation sanity check: 100%|██████████| 2/2 [00:12<00:00,  6.20s/it]                                                                      Training: 0it [00:00, ?it/s]Training:   0%|          | 0/1454 [00:00<?, ?it/s]Epoch 1:   0%|          | 0/1454 [00:00<?, ?it/s] Epoch 1:   0%|          | 0/1454 [00:01<?, ?it/s]