/cluster/raid/home/zhivar.sourati/ExplagraphGen
Thu Nov  3 03:26:18 2022       
+-----------------------------------------------------------------------------+
| NVIDIA-SMI 460.32.03    Driver Version: 460.32.03    CUDA Version: 11.2     |
|-------------------------------+----------------------+----------------------+
| GPU  Name        Persistence-M| Bus-Id        Disp.A | Volatile Uncorr. ECC |
| Fan  Temp  Perf  Pwr:Usage/Cap|         Memory-Usage | GPU-Util  Compute M. |
|                               |                      |               MIG M. |
|===============================+======================+======================|
|   0  A100-PCIE-40GB      Off  | 00000000:2A:00.0 Off |                    0 |
| N/A   30C    P0    35W / 250W |      0MiB / 40536MiB |      0%      Default |
|                               |                      |             Disabled |
+-------------------------------+----------------------+----------------------+
                                                                               
+-----------------------------------------------------------------------------+
| Processes:                                                                  |
|  GPU   GI   CI        PID   Type   Process name                  GPU Memory |
|        ID   ID                                                   Usage      |
|=============================================================================|
|  No running processes found                                                 |
+-----------------------------------------------------------------------------+
0
|===========================================================================|
|                  PyTorch CUDA memory summary, device ID 0                 |
|---------------------------------------------------------------------------|
|            CUDA OOMs: 0            |        cudaMalloc retries: 0         |
|===========================================================================|
|        Metric         | Cur Usage  | Peak Usage | Tot Alloc  | Tot Freed  |
|---------------------------------------------------------------------------|
| Allocated memory      |    2814 MB |    2814 MB |    2814 MB |       0 B  |
|       from large pool |    2814 MB |    2814 MB |    2814 MB |       0 B  |
|       from small pool |       0 MB |       0 MB |       0 MB |       0 B  |
|---------------------------------------------------------------------------|
| Active memory         |    2814 MB |    2814 MB |    2814 MB |       0 B  |
|       from large pool |    2814 MB |    2814 MB |    2814 MB |       0 B  |
|       from small pool |       0 MB |       0 MB |       0 MB |       0 B  |
|---------------------------------------------------------------------------|
| GPU reserved memory   |    2816 MB |    2816 MB |    2816 MB |       0 B  |
|       from large pool |    2814 MB |    2814 MB |    2814 MB |       0 B  |
|       from small pool |       2 MB |       2 MB |       2 MB |       0 B  |
|---------------------------------------------------------------------------|
| Non-releasable memory |    1554 KB |   18422 KB |    1153 MB |    1152 MB |
|       from large pool |       0 KB |   16384 KB |    1152 MB |    1152 MB |
|       from small pool |    1554 KB |    2046 KB |       1 MB |       0 MB |
|---------------------------------------------------------------------------|
| Allocations           |     510    |     510    |     510    |       0    |
|       from large pool |     385    |     385    |     385    |       0    |
|       from small pool |     125    |     125    |     125    |       0    |
|---------------------------------------------------------------------------|
| Active allocs         |     510    |     510    |     510    |       0    |
|       from large pool |     385    |     385    |     385    |       0    |
|       from small pool |     125    |     125    |     125    |       0    |
|---------------------------------------------------------------------------|
| GPU reserved segments |     152    |     152    |     152    |       0    |
|       from large pool |     151    |     151    |     151    |       0    |
|       from small pool |       1    |       1    |       1    |       0    |
|---------------------------------------------------------------------------|
| Non-releasable allocs |       1    |       2    |      73    |      72    |
|       from large pool |       0    |       1    |      72    |      72    |
|       from small pool |       1    |       1    |       1    |       0    |
|---------------------------------------------------------------------------|
| Oversize allocations  |       0    |       0    |       0    |       0    |
|---------------------------------------------------------------------------|
| Oversize GPU segments |       0    |       0    |       0    |       0    |
|===========================================================================|

